contributor/app/build/intermediates/manifest_merge_blame_file/debug/manifest-merger-blame-debug-report.txt
1<?xml version="1.0" encoding="utf-8"?>
2<manifest xmlns:android="http://schemas.android.com/apk/res/android"
3    package="edu.upenn.cis573.project"
4    android:versionCode="1"
5    android:versionName="1.0" >
6
7    <uses-sdk
8        android:minSdkVersion="28"
8-->src/main/AndroidManifest.xml
9        android:targetSdkVersion="30" />
9-->src/main/AndroidManifest.xml
10
11    <uses-permission android:name="android.permission.INTERNET" />
11-->src/main/AndroidManifest.xml:25:5-67
11-->src/main/AndroidManifest.xml:25:22-64
12    <uses-permission android:name="android.permission.ACCESS_NETWORK_STATE" />
12-->src/main/AndroidManifest.xml:26:5-79
12-->src/main/AndroidManifest.xml:26:22-76
13
14    <application
14-->src/main/AndroidManifest.xml:5:5-24:19
15        android:allowBackup="true"
15-->src/main/AndroidManifest.xml:6:9-35
16        android:appComponentFactory="androidx.core.app.CoreComponentFactory"
16-->[androidx.core:core:1.3.1] AndroidManifest.xml:24:18-86
17        android:debuggable="true"
18        android:extractNativeLibs="false"
19        android:icon="@mipmap/ic_launcher"
19-->src/main/AndroidManifest.xml:7:9-43
20        android:label="@string/app_name"
20-->src/main/AndroidManifest.xml:8:9-41
21        android:roundIcon="@mipmap/ic_launcher_round"
21-->src/main/AndroidManifest.xml:9:9-54
22        android:supportsRtl="true"
22-->src/main/AndroidManifest.xml:10:9-35
23        android:testOnly="true"
24        android:theme="@style/Theme.DonationContributorSomethingSomething"
24-->src/main/AndroidManifest.xml:12:9-75
25        android:usesCleartextTraffic="true" >
25-->src/main/AndroidManifest.xml:11:9-44
26        <activity android:name="edu.upenn.cis573.project.MainActivity" >
26-->src/main/AndroidManifest.xml:13:9-19:20
26-->src/main/AndroidManifest.xml:13:19-47
27            <intent-filter>
27-->src/main/AndroidManifest.xml:14:13-18:29
28                <action android:name="android.intent.action.MAIN" />
28-->src/main/AndroidManifest.xml:15:17-69
28-->src/main/AndroidManifest.xml:15:25-66
29
30                <category android:name="android.intent.category.LAUNCHER" />
30-->src/main/AndroidManifest.xml:17:17-77
30-->src/main/AndroidManifest.xml:17:27-74
31            </intent-filter>
32        </activity>
33        <activity android:name="edu.upenn.cis573.project.MenuActivity" />
33-->src/main/AndroidManifest.xml:20:9-50
33-->src/main/AndroidManifest.xml:20:19-47
34        <activity android:name="edu.upenn.cis573.project.ViewDonationsActivity" />
34-->src/main/AndroidManifest.xml:21:9-59
34-->src/main/AndroidManifest.xml:21:19-56
35        <activity android:name="edu.upenn.cis573.project.MakeDonationActivity" />
35-->src/main/AndroidManifest.xml:22:9-58
35-->src/main/AndroidManifest.xml:22:19-55
36    </application>
37
38</manifest>